----------------------------------------------------------------------
Process log
Log file created at : Sun Nov 17 17:35:03 2024
----------------------------------------------------------------------
{'pid': 0, 'username': 'root', 'name': 'kernel_task'} 
{'pid': 1, 'username': 'root', 'name': 'launchd'} 
{'pid': 85, 'username': 'root', 'name': 'logd'} 
{'pid': 86, 'username': 'root', 'name': 'smd'} 
{'pid': 87, 'username': 'root', 'name': 'UserEventAgent'} 
{'pid': 89, 'username': 'root', 'name': 'uninstalld'} 
{'pid': 90, 'username': 'root', 'name': 'fseventsd'} 
{'pid': 91, 'username': 'root', 'name': 'mediaremoted'} 
{'pid': 94, 'username': 'root', 'name': 'systemstats'} 
{'pid': 97, 'username': 'root', 'name': 'configd'} 
{'pid': 98, 'username': 'root', 'name': 'endpointsecurity'} 
{'pid': 99, 'username': 'root', 'name': 'powerd'} 
{'pid': 100, 'username': 'root', 'name': 'IOMFB_bics_daemo'} 
{'pid': 101, 'username': '_biome', 'name': 'biomed'} 
{'pid': 103, 'username': 'root', 'name': 'amfid'} 
{'pid': 105, 'username': 'root', 'name': 'remoted'} 
{'pid': 107, 'username': 'root', 'name': 'keybagd'} 
{'pid': 108, 'username': '_softwareupdate', 'name': 'softwareupdated'} 
{'pid': 110, 'username': 'root', 'name': 'watchdogd'} 
{'pid': 114, 'username': 'root', 'name': 'mds'} 
{'pid': 115, 'username': '_iconservices', 'name': 'iconservicesd'} 
{'pid': 116, 'username': 'root', 'name': 'kernelmanagerd'} 
{'pid': 117, 'username': 'root', 'name': 'diskarbitrationd'} 
{'pid': 120, 'username': 'root', 'name': 'coreduetd'} 
{'pid': 121, 'username': 'root', 'name': 'syslogd'} 
{'pid': 124, 'username': 'root', 'name': 'thermalmonitord'} 
{'pid': 125, 'username': 'root', 'name': 'opendirectoryd'} 
{'pid': 126, 'username': 'root', 'name': 'apsd'} 
{'pid': 127, 'username': 'root', 'name': 'launchservicesd'} 
{'pid': 128, 'username': '_timed', 'name': 'timed'} 
{'pid': 129, 'username': '_usbmuxd', 'name': 'usbmuxd'} 
{'pid': 130, 'username': 'root', 'name': 'securityd'} 
{'pid': 132, 'username': '_locationd', 'name': 'locationd'} 
{'pid': 134, 'username': 'root', 'name': 'autofsd'} 
{'pid': 135, 'username': 'root', 'name': 'dasd'} 
{'pid': 136, 'username': 'root', 'name': 'kdc'} 
{'pid': 138, 'username': '_distnote', 'name': 'distnoted'} 
{'pid': 139, 'username': 'root', 'name': 'AppleCredentialM'} 
{'pid': 140, 'username': 'root', 'name': 'PerfPowerService'} 
{'pid': 141, 'username': 'root', 'name': 'dirhelper'} 
{'pid': 142, 'username': 'root', 'name': 'logind'} 
{'pid': 143, 'username': 'root', 'name': 'revisiond'} 
{'pid': 144, 'username': 'root', 'name': 'KernelEventAgent'} 
{'pid': 145, 'username': 'root', 'name': 'usermanagerd'} 
{'pid': 148, 'username': 'root', 'name': 'notifyd'} 
{'pid': 149, 'username': 'root', 'name': 'sandboxd'} 
{'pid': 150, 'username': 'root', 'name': 'corebrightnessd'} 
{'pid': 151, 'username': 'root', 'name': 'AirPlayXPCHelper'} 
{'pid': 152, 'username': 'root', 'name': 'com.apple.cmio.r'} 
{'pid': 153, 'username': 'root', 'name': 'WindowServer'} 
{'pid': 154, 'username': 'root', 'name': 'cfprefsd'} 
{'pid': 155, 'username': 'root', 'name': 'tccd'} 
{'pid': 156, 'username': 'root', 'name': 'aslmanager'} 
{'pid': 157, 'username': 'root', 'name': 'loginwindow'} 
{'pid': 158, 'username': 'root', 'name': 'runningboardd'} 
{'pid': 159, 'username': 'root', 'name': 'lsd'} 
{'pid': 162, 'username': 'root', 'name': 'contextstored'} 
{'pid': 164, 'username': 'root', 'name': 'coreservicesd'} 
{'pid': 169, 'username': 'root', 'name': 'airportd'} 
{'pid': 187, 'username': '_analyticsd', 'name': 'analyticsd'} 
{'pid': 188, 'username': '_coreaudiod', 'name': 'coreaudiod'} 
{'pid': 190, 'username': 'root', 'name': 'backupd-helper'} 
{'pid': 191, 'username': 'root', 'name': 'PowerUIAgent'} 
{'pid': 197, 'username': '_mdnsresponder', 'name': 'mDNSResponder'} 
{'pid': 198, 'username': '_trustd', 'name': 'trustd'} 
{'pid': 204, 'username': 'root', 'name': 'systemstatusd'} 
{'pid': 205, 'username': 'root', 'name': 'csnameddatad'} 
{'pid': 207, 'username': 'root', 'name': 'apfsd'} 
{'pid': 208, 'username': '_nsurlsessiond', 'name': 'nsurlsessiond'} 
{'pid': 209, 'username': 'root', 'name': 'nehelper'} 
{'pid': 210, 'username': 'root', 'name': 'usbd'} 
{'pid': 211, 'username': 'root', 'name': 'biometrickitd'} 
{'pid': 212, 'username': 'root', 'name': 'trustdFileHelper'} 
{'pid': 214, 'username': '_hidd', 'name': 'hidd'} 
{'pid': 215, 'username': 'root', 'name': 'distnoted'} 
{'pid': 216, 'username': 'root', 'name': 'containermanager'} 
{'pid': 220, 'username': '_windowserver', 'name': 'distnoted'} 
{'pid': 223, 'username': 'root', 'name': 'secinitd'} 
{'pid': 225, 'username': '_coreaudiod', 'name': 'distnoted'} 
{'pid': 226, 'username': 'root', 'name': 'cryptexd'} 
{'pid': 227, 'username': 'root', 'name': 'mobileassetd'} 
{'pid': 231, 'username': '_coreaudiod', 'name': 'com.apple.audio.'} 
{'pid': 235, 'username': 'root', 'name': 'AudioComponentRe'} 
{'pid': 236, 'username': 'root', 'name': 'authd'} 
{'pid': 237, 'username': '_coreaudiod', 'name': 'com.apple.audio.'} 
{'pid': 239, 'username': 'root', 'name': 'audioclocksyncd'} 
{'pid': 244, 'username': 'root', 'name': 'PlugInLibrarySer'} 
{'pid': 245, 'username': '_networkd', 'name': 'symptomsd'} 
{'pid': 246, 'username': 'root', 'name': 'findmydeviced'} 
{'pid': 252, 'username': 'root', 'name': 'mDNSResponderHel'} 
{'pid': 253, 'username': 'root', 'name': 'colorsync.displa'} 
{'pid': 254, 'username': 'root', 'name': 'com.apple.ColorS'} 
{'pid': 255, 'username': 'root', 'name': 'colorsyncd'} 
{'pid': 256, 'username': '_cmiodalassistants', 'name': 'distnoted'} 
{'pid': 257, 'username': 'root', 'name': 'sysextd'} 
{'pid': 260, 'username': 'root', 'name': 'logd_helper'} 
{'pid': 261, 'username': 'root', 'name': 'backgroundtaskma'} 
{'pid': 263, 'username': 'root', 'name': 'com.apple.CodeSi'} 
{'pid': 264, 'username': 'root', 'name': 'audioanalyticsd'} 
{'pid': 265, 'username': '_coreaudiod', 'name': 'ZhuGeService'} 
{'pid': 285, 'username': 'root', 'name': 'XProtectPluginSe'} 
{'pid': 290, 'username': 'root', 'name': 'storagekitd'} 
{'pid': 291, 'username': 'root', 'name': 'securityd_system'} 
{'pid': 294, 'username': '_appleevents', 'name': 'appleeventsd'} 
{'pid': 295, 'username': 'root', 'name': 'WirelessRadioMan'} 
{'pid': 297, 'username': 'root', 'name': 'findmybeaconingd'} 
{'pid': 298, 'username': '_cmiodalassistants', 'name': 'appleh13camerad'} 
{'pid': 299, 'username': '_cmiodalassistants', 'name': 'cameracaptured'} 
{'pid': 300, 'username': '_locationd', 'name': 'distnoted'} 
{'pid': 301, 'username': '_cmiodalassistants', 'name': 'UVCAssistant'} 
{'pid': 304, 'username': 'root', 'name': 'backupd'} 
{'pid': 305, 'username': '_locationd', 'name': 'secinitd'} 
{'pid': 306, 'username': 'root', 'name': 'bootinstalld'} 
{'pid': 307, 'username': 'root', 'name': 'PerfPowerTelemet'} 
{'pid': 308, 'username': '_locationd', 'name': 'cfprefsd'} 
{'pid': 311, 'username': '_locationd', 'name': 'trustd'} 
{'pid': 315, 'username': 'root', 'name': 'syspolicyd'} 
{'pid': 316, 'username': '_softwareupdate', 'name': 'softwareupdated'} 
{'pid': 320, 'username': 'root', 'name': 'symptomsd-diag'} 
{'pid': 322, 'username': '_softwareupdate', 'name': 'distnoted'} 
{'pid': 325, 'username': 'root', 'name': 'suhelperd'} 
{'pid': 332, 'username': 'nobody', 'name': 'distnoted'} 
{'pid': 333, 'username': 'root', 'name': 'mds_stores'} 
{'pid': 338, 'username': 'root', 'name': 'rtcreportingd'} 
{'pid': 340, 'username': 'root', 'name': 'iconservicesagen'} 
{'pid': 341, 'username': '_driverkit', 'name': 'com.apple.Driver'} 
{'pid': 342, 'username': '_driverkit', 'name': 'com.apple.AppleU'} 
{'pid': 343, 'username': 'root', 'name': 'wifip2pd'} 
{'pid': 344, 'username': 'root', 'name': 'sharedfilelistd'} 
{'pid': 345, 'username': '_appleevents', 'name': 'distnoted'} 
{'pid': 346, 'username': 'root', 'name': 'com.apple.Accoun'} 
{'pid': 347, 'username': 'root', 'name': 'WiFiCloudAssetsX'} 
{'pid': 348, 'username': 'root', 'name': 'coreauthd'} 
{'pid': 351, 'username': '_spotlight', 'name': 'distnoted'} 
{'pid': 352, 'username': 'root', 'name': 'com.apple.Mobile'} 
{'pid': 353, 'username': 'root', 'name': 'ctkahp'} 
{'pid': 357, 'username': '_ctkd', 'name': 'ctkd'} 
{'pid': 358, 'username': '_cmiodalassistants', 'name': 'com.apple.geod'} 
{'pid': 359, 'username': '_cmiodalassistants', 'name': 'secinitd'} 
{'pid': 360, 'username': '_accessoryupdater', 'name': 'distnoted'} 
{'pid': 361, 'username': 'root', 'name': 'searchpartyd'} 
{'pid': 367, 'username': '_cmiodalassistants', 'name': 'cfprefsd'} 
{'pid': 369, 'username': '_cmiodalassistants', 'name': 'trustd'} 
{'pid': 371, 'username': '_cmiodalassistants', 'name': 'containermanager'} 
{'pid': 372, 'username': 'root', 'name': 'systemsoundserve'} 
{'pid': 373, 'username': 'root', 'name': 'wifianalyticsd'} 
{'pid': 375, 'username': 'root', 'name': 'com.apple.Mobile'} 
{'pid': 376, 'username': 'root', 'name': 'xpcroleaccountd'} 
{'pid': 377, 'username': 'root', 'name': 'countryd'} 
{'pid': 378, 'username': 'root', 'name': 'eligibilityd'} 
{'pid': 382, 'username': 'root', 'name': 'sysmond'} 
{'pid': 383, 'username': 'root', 'name': 'systemstats'} 
{'pid': 384, 'username': '_nsurlsessiond', 'name': 'distnoted'} 
{'pid': 386, 'username': '_captiveagent', 'name': 'captiveagent'} 
{'pid': 388, 'username': '_netbios', 'name': 'netbiosd'} 
{'pid': 394, 'username': 'root', 'name': 'siriinferenced'} 
{'pid': 398, 'username': 'geetahade', 'name': 'distnoted'} 
{'pid': 411, 'username': 'geetahade', 'name': 'cfprefsd'} 
{'pid': 412, 'username': 'geetahade', 'name': 'lsd'} 
{'pid': 413, 'username': 'geetahade', 'name': 'csnameddatad'} 
{'pid': 414, 'username': 'geetahade', 'name': 'secd'} 
{'pid': 416, 'username': 'root', 'name': 'XProtectBridgeSe'} 
{'pid': 427, 'username': '_spotlight', 'name': 'mdbulkimport'} 
{'pid': 428, 'username': 'geetahade', 'name': 'mdbulkimport'} 
{'pid': 429, 'username': 'geetahade', 'name': 'pkd'} 
{'pid': 430, 'username': '_spotlight', 'name': 'trustd'} 
{'pid': 431, 'username': 'geetahade', 'name': 'containermanagerd'} 
{'pid': 435, 'username': 'geetahade', 'name': 'trustd'} 
{'pid': 437, 'username': 'root', 'name': 'GSSCred'} 
{'pid': 442, 'username': 'root', 'name': 'securityd_servic'} 
{'pid': 443, 'username': 'root', 'name': 'nesessionmanager'} 
{'pid': 444, 'username': 'root', 'name': 'corekdld'} 
{'pid': 445, 'username': 'geetahade', 'name': 'TrustedPeersHelper'} 
{'pid': 446, 'username': 'geetahade', 'name': 'UserEventAgent'} 
{'pid': 447, 'username': '_gamecontrollerd', 'name': 'gamecontrollerd'} 
{'pid': 448, 'username': '_applepay', 'name': 'seld'} 
{'pid': 450, 'username': 'geetahade', 'name': 'knowledge-agent'} 
{'pid': 451, 'username': 'geetahade', 'name': 'CoreServicesUIAgent'} 
{'pid': 452, 'username': 'geetahade', 'name': 'universalaccessd'} 
{'pid': 453, 'username': 'geetahade', 'name': 'pboard'} 
{'pid': 454, 'username': 'geetahade', 'name': 'cloudd'} 
{'pid': 455, 'username': 'geetahade', 'name': 'com.apple.sbd'} 
{'pid': 456, 'username': 'geetahade', 'name': 'ContinuityCaptureAgent'} 
{'pid': 457, 'username': 'geetahade', 'name': 'CommCenter'} 
{'pid': 458, 'username': 'geetahade', 'name': 'rapportd'} 
{'pid': 459, 'username': 'geetahade', 'name': 'nsurlsessiond'} 
{'pid': 460, 'username': 'geetahade', 'name': 'APFSUserAgent'} 
{'pid': 461, 'username': 'geetahade', 'name': 'usernoted'} 
{'pid': 462, 'username': 'geetahade', 'name': 'routined'} 
{'pid': 464, 'username': 'geetahade', 'name': 'Preview'} 
{'pid': 465, 'username': 'geetahade', 'name': 'tccd'} 
{'pid': 466, 'username': 'geetahade', 'name': 'talagent'} 
{'pid': 467, 'username': 'geetahade', 'name': 'WindowManager'} 
{'pid': 468, 'username': 'geetahade', 'name': 'secinitd'} 
{'pid': 469, 'username': 'geetahade', 'name': 'ContextStoreAgent'} 
{'pid': 470, 'username': 'geetahade', 'name': 'usernotificationsd'} 
{'pid': 471, 'username': 'geetahade', 'name': 'CoreLocationAgent'} 
{'pid': 472, 'username': 'geetahade', 'name': 'callservicesd'} 
{'pid': 473, 'username': 'geetahade', 'name': 'syncdefaultsd'} 
{'pid': 474, 'username': 'geetahade', 'name': 'accountsd'} 
{'pid': 475, 'username': 'geetahade', 'name': 'identityservicesd'} 
{'pid': 476, 'username': 'geetahade', 'name': 'WiFiAgent'} 
{'pid': 477, 'username': 'geetahade', 'name': 'com.apple.hiservices-xpcservice'} 
{'pid': 478, 'username': 'geetahade', 'name': 'ARDAgent'} 
{'pid': 479, 'username': 'geetahade', 'name': 'fileproviderd'} 
{'pid': 480, 'username': 'geetahade', 'name': 'networkserviceproxy'} 
{'pid': 481, 'username': 'geetahade', 'name': 'Google Chrome'} 
{'pid': 482, 'username': 'root', 'name': 'awdd'} 
{'pid': 483, 'username': 'geetahade', 'name': 'transparencyd'} 
{'pid': 484, 'username': 'geetahade', 'name': 'ctkd'} 
{'pid': 486, 'username': 'geetahade', 'name': 'coreauthd'} 
{'pid': 487, 'username': 'geetahade', 'name': 'sharingd'} 
{'pid': 488, 'username': 'geetahade', 'name': 'donotdisturbd'} 
{'pid': 489, 'username': 'geetahade', 'name': 'deleted'} 
{'pid': 490, 'username': 'geetahade', 'name': 'NotificationCenter'} 
{'pid': 491, 'username': 'geetahade', 'name': 'akd'} 
{'pid': 492, 'username': 'geetahade', 'name': 'Terminal'} 
{'pid': 493, 'username': 'geetahade', 'name': 'Dock'} 
{'pid': 494, 'username': 'geetahade', 'name': 'ControlCenter'} 
{'pid': 495, 'username': 'geetahade', 'name': 'SystemUIServer'} 
{'pid': 496, 'username': 'geetahade', 'name': 'Finder'} 
{'pid': 499, 'username': 'geetahade', 'name': 'chronod'} 
{'pid': 500, 'username': 'geetahade', 'name': 'dmd'} 
{'pid': 501, 'username': 'geetahade', 'name': 'WallpaperAgent'} 
{'pid': 502, 'username': 'root', 'name': 'filecoordination'} 
{'pid': 503, 'username': 'geetahade', 'name': 'imklaunchagent'} 
{'pid': 504, 'username': 'geetahade', 'name': 'siriactionsd'} 
{'pid': 505, 'username': 'geetahade', 'name': 'QuickLookUIService'} 
{'pid': 506, 'username': 'geetahade', 'name': 'familycircled'} 
{'pid': 507, 'username': 'geetahade', 'name': 'ViewBridgeAuxiliary'} 
{'pid': 508, 'username': 'geetahade', 'name': 'bird'} 
{'pid': 509, 'username': 'geetahade', 'name': 'calaccessd'} 
{'pid': 510, 'username': 'geetahade', 'name': 'StatusKitAgent'} 
{'pid': 511, 'username': 'root', 'name': 'automountd'} 
{'pid': 512, 'username': 'geetahade', 'name': 'sharedfilelistd'} 
{'pid': 513, 'username': 'geetahade', 'name': 'AMPDeviceDiscoveryAgent'} 
{'pid': 514, 'username': 'root', 'name': 'idleassetsd'} 
{'pid': 516, 'username': 'geetahade', 'name': 'fontd'} 
{'pid': 517, 'username': 'geetahade', 'name': 'iconservicesagent'} 
{'pid': 519, 'username': 'geetahade', 'name': 'replayd'} 
{'pid': 520, 'username': 'geetahade', 'name': 'sociallayerd'} 
{'pid': 521, 'username': 'geetahade', 'name': 'suggestd'} 
{'pid': 522, 'username': 'geetahade', 'name': 'localizationswitcherd'} 
{'pid': 523, 'username': 'geetahade', 'name': 'heard'} 
{'pid': 524, 'username': 'geetahade', 'name': 'fontworker'} 
{'pid': 525, 'username': 'geetahade', 'name': 'intelligentroutingd'} 
{'pid': 526, 'username': 'root', 'name': 'wallpaperexportd'} 
{'pid': 528, 'username': 'geetahade', 'name': 'extensionkitservice'} 
{'pid': 529, 'username': 'geetahade', 'name': 'extensionkitservice'} 
{'pid': 530, 'username': '_nearbyd', 'name': 'nearbyd'} 
{'pid': 531, 'username': 'geetahade', 'name': 'mobiletimerd'} 
{'pid': 532, 'username': '_fpsd', 'name': 'adid'} 
{'pid': 533, 'username': 'geetahade', 'name': 'AudioComponentRegistrar'} 
{'pid': 534, 'username': 'geetahade', 'name': 'com.apple.FaceTime.FTConversationService'} 
{'pid': 535, 'username': 'geetahade', 'name': 'imagent'} 
{'pid': 536, 'username': 'geetahade', 'name': 'ContextService'} 
{'pid': 537, 'username': 'geetahade', 'name': 'CalendarWidgetExtension'} 
{'pid': 538, 'username': 'geetahade', 'name': 'Spotlight'} 
{'pid': 539, 'username': 'geetahade', 'name': 'com.apple.quicklook.ThumbnailsAgent'} 
{'pid': 540, 'username': 'geetahade', 'name': 'cdpd'} 
{'pid': 541, 'username': 'geetahade', 'name': 'CarbonComponentScannerXPC'} 
{'pid': 542, 'username': '_oahd', 'name': 'oahd'} 
{'pid': 543, 'username': 'geetahade', 'name': 'corespotlightd'} 
{'pid': 544, 'username': 'geetahade', 'name': 'CursorUIViewService'} 
{'pid': 545, 'username': 'geetahade', 'name': 'iCloudNotificationAgent'} 
{'pid': 546, 'username': 'geetahade', 'name': 'pbs'} 
{'pid': 547, 'username': 'geetahade', 'name': 'parsecd'} 
{'pid': 548, 'username': 'geetahade', 'name': 'AppSSOAgent'} 
{'pid': 549, 'username': 'geetahade', 'name': 'homed'} 
{'pid': 550, 'username': 'geetahade', 'name': 'WallpaperVideoExtension'} 
{'pid': 551, 'username': 'geetahade', 'name': 'WeatherWidget'} 
{'pid': 552, 'username': 'geetahade', 'name': 'com.apple.geod'} 
{'pid': 553, 'username': 'root', 'name': 'AppSSODaemon'} 
{'pid': 554, 'username': 'root', 'name': 'gamepolicyd'} 
{'pid': 556, 'username': 'geetahade', 'name': 'chrome_crashpad_handler'} 
{'pid': 557, 'username': 'geetahade', 'name': 'contactsd'} 
{'pid': 558, 'username': 'geetahade', 'name': 'IMDPersistenceAgent'} 
{'pid': 559, 'username': 'geetahade', 'name': 'useractivityd'} 
{'pid': 560, 'username': 'geetahade', 'name': 'com.apple.dock.extra'} 
{'pid': 561, 'username': 'geetahade', 'name': 'PAH_Extension'} 
{'pid': 562, 'username': 'geetahade', 'name': 'ScreenTimeWidgetExtension'} 
{'pid': 564, 'username': 'geetahade', 'name': 'StocksWidget'} 
{'pid': 566, 'username': 'geetahade', 'name': 'ScreenTimeAgent'} 
{'pid': 567, 'username': 'geetahade', 'name': 'mediaremoteagent'} 
{'pid': 568, 'username': 'geetahade', 'name': 'WorldClockWidget'} 
{'pid': 569, 'username': 'geetahade', 'name': 'avconferenced'} 
{'pid': 570, 'username': 'geetahade', 'name': 'followupd'} 
{'pid': 571, 'username': 'geetahade', 'name': 'CallHistoryPluginHelper'} 
{'pid': 572, 'username': 'geetahade', 'name': 'ManagedSettingsAgent'} 
{'pid': 573, 'username': 'geetahade', 'name': 'neagent'} 
{'pid': 574, 'username': 'geetahade', 'name': 'WiFiVelocityAgent'} 
{'pid': 575, 'username': 'geetahade', 'name': 'Google Chrome Helper (GPU)'} 
{'pid': 576, 'username': 'geetahade', 'name': 'Google Chrome Helper'} 
{'pid': 577, 'username': 'geetahade', 'name': 'fmfd'} 
{'pid': 578, 'username': 'geetahade', 'name': 'VTDecoderXPCService'} 
{'pid': 579, 'username': 'geetahade', 'name': 'commerce'} 
{'pid': 580, 'username': 'geetahade', 'name': 'UIKitSystem'} 
{'pid': 583, 'username': 'geetahade', 'name': 'findmylocateagent'} 
{'pid': 584, 'username': 'geetahade', 'name': 'extensionkitservice'} 
{'pid': 585, 'username': 'geetahade', 'name': 'com.apple.CloudDocs.iCloudDriveFileProvider'} 
{'pid': 586, 'username': 'geetahade', 'name': 'ContainerMetadataExtractor'} 
{'pid': 587, 'username': 'geetahade', 'name': 'triald'} 
{'pid': 590, 'username': 'geetahade', 'name': 'itunescloudd'} 
{'pid': 591, 'username': 'geetahade', 'name': 'amsaccountsd'} 
{'pid': 592, 'username': 'geetahade', 'name': 'amsengagementd'} 
{'pid': 593, 'username': 'geetahade', 'name': 'PlugInLibraryService'} 
{'pid': 594, 'username': 'geetahade', 'name': 'assistantd'} 
{'pid': 595, 'username': 'geetahade', 'name': 'ScopedBookmarkAgent'} 
{'pid': 596, 'username': 'geetahade', 'name': 'swcd'} 
{'pid': 598, 'username': 'geetahade', 'name': 'assistant_cdmd'} 
{'pid': 600, 'username': 'geetahade', 'name': 'sirittsd'} 
{'pid': 601, 'username': 'geetahade', 'name': 'siriknowledged'} 
{'pid': 602, 'username': 'geetahade', 'name': 'corespeechd'} 
{'pid': 604, 'username': 'geetahade', 'name': 'BiomeAgent'} 
{'pid': 605, 'username': 'geetahade', 'name': 'diagnosticextensionsd'} 
{'pid': 606, 'username': 'geetahade', 'name': 'UsageTrackingAgent'} 
{'pid': 607, 'username': 'geetahade', 'name': 'maild'} 
{'pid': 608, 'username': 'geetahade', 'name': 'ndoagent'} 
{'pid': 609, 'username': 'geetahade', 'name': 'financed'} 
{'pid': 610, 'username': 'geetahade', 'name': 'CMFSyncAgent'} 
{'pid': 611, 'username': 'geetahade', 'name': 'Google Chrome Helper'} 
{'pid': 612, 'username': 'geetahade', 'name': 'SSMenuAgent'} 
{'pid': 613, 'username': 'root', 'name': 'osanalyticshelpe'} 
{'pid': 614, 'username': 'geetahade', 'name': 'photolibraryd'} 
{'pid': 615, 'username': 'geetahade', 'name': 'mdwrite'} 
{'pid': 618, 'username': 'geetahade', 'name': 'axassetsd'} 
{'pid': 622, 'username': 'geetahade', 'name': 'Siri'} 
{'pid': 623, 'username': 'geetahade', 'name': 'icdd'} 
{'pid': 624, 'username': 'geetahade', 'name': 'askpermissiond'} 
{'pid': 626, 'username': 'geetahade', 'name': 'AirPlayUIAgent'} 
{'pid': 627, 'username': 'geetahade', 'name': 'audioaccessoryd'} 
{'pid': 628, 'username': 'geetahade', 'name': 'diagnostics_agent'} 
{'pid': 629, 'username': 'geetahade', 'name': 'TextInputMenuAgent'} 
{'pid': 630, 'username': 'geetahade', 'name': 'remindd'} 
{'pid': 633, 'username': 'geetahade', 'name': 'ctkahp'} 
{'pid': 634, 'username': 'geetahade', 'name': 'SafariLaunchAgent'} 
{'pid': 635, 'username': '_fpsd', 'name': 'fairplayd'} 
{'pid': 636, 'username': 'geetahade', 'name': 'TextInputSwitcher'} 
{'pid': 637, 'username': 'root', 'name': 'mobileactivation'} 
{'pid': 638, 'username': 'root', 'name': 'deleted_helper'} 
{'pid': 640, 'username': '_neuralengine', 'name': 'aneuserd'} 
{'pid': 641, 'username': 'geetahade', 'name': 'geodMachServiceBridge'} 
{'pid': 642, 'username': 'root', 'name': 'installd'} 
{'pid': 643, 'username': 'root', 'name': 'aned'} 
{'pid': 644, 'username': 'geetahade', 'name': 'storedownloadd'} 
{'pid': 645, 'username': 'geetahade', 'name': 'appstoreagent'} 
{'pid': 646, 'username': 'root', 'name': 'system_installd'} 
{'pid': 647, 'username': 'root', 'name': 'cloudd'} 
{'pid': 648, 'username': 'root', 'name': 'coresymbolicatio'} 
{'pid': 650, 'username': 'root', 'name': 'spindump'} 
{'pid': 652, 'username': '_installcoordinationd', 'name': 'installcoordinat'} 
{'pid': 653, 'username': 'geetahade', 'name': 'spindump_agent'} 
{'pid': 654, 'username': 'root', 'name': 'SubmitDiagInfo'} 
{'pid': 656, 'username': 'root', 'name': 'com.apple.AppSto'} 
{'pid': 659, 'username': 'geetahade', 'name': 'mapssyncd'} 
{'pid': 660, 'username': 'geetahade', 'name': 'Keychain Circle Notification'} 
{'pid': 662, 'username': 'geetahade', 'name': 'ProtectedCloudKeySyncing'} 
{'pid': 664, 'username': 'geetahade', 'name': 'progressd'} 
{'pid': 665, 'username': 'root', 'name': 'com.apple.hiserv'} 
{'pid': 666, 'username': '_applepay', 'name': 'nfcd'} 
{'pid': 667, 'username': '_gamecontrollerd', 'name': 'distnoted'} 
{'pid': 668, 'username': 'geetahade', 'name': 'gamecontrolleragentd'} 
{'pid': 669, 'username': 'geetahade', 'name': 'com.apple.appkit.xpc.openAndSavePanelService'} 
{'pid': 670, 'username': 'geetahade', 'name': 'QuickLookUIService'} 
{'pid': 678, 'username': 'geetahade', 'name': 'contentlinkingd'} 
{'pid': 680, 'username': 'geetahade', 'name': 'promotedcontentd'} 
{'pid': 682, 'username': 'geetahade', 'name': 'lockdownmoded'} 
{'pid': 683, 'username': '_applepay', 'name': 'distnoted'} 
{'pid': 689, 'username': 'root', 'name': 'wifivelocityd'} 
{'pid': 695, 'username': 'geetahade', 'name': 'com.apple.siri-distributed-evaluation'} 
{'pid': 696, 'username': 'geetahade', 'name': 'mlruntimed'} 
{'pid': 698, 'username': 'geetahade', 'name': 'biomesyncd'} 
{'pid': 699, 'username': 'root', 'name': 'bluetoothd'} 
{'pid': 700, 'username': 'root', 'name': 'ReportCrash'} 
{'pid': 701, 'username': 'geetahade', 'name': 'bluetoothuserd'} 
{'pid': 706, 'username': 'geetahade', 'name': 'ReportCrash'} 
{'pid': 707, 'username': 'geetahade', 'name': 'adprivacyd'} 
{'pid': 708, 'username': 'geetahade', 'name': 'mscamerad-xpc'} 
{'pid': 709, 'username': 'geetahade', 'name': 'ptpcamerad'} 
{'pid': 713, 'username': 'geetahade', 'name': 'AssetCacheLocatorService'} 
{'pid': 717, 'username': 'geetahade', 'name': 'photoanalysisd'} 
{'pid': 719, 'username': 'geetahade', 'name': 'IntelligencePlatformComputeService'} 
{'pid': 721, 'username': 'geetahade', 'name': 'seserviced'} 
{'pid': 725, 'username': 'geetahade', 'name': 'cloudphotod'} 
{'pid': 726, 'username': 'geetahade', 'name': 'XProtectPluginService'} 
{'pid': 727, 'username': 'geetahade', 'name': 'SoftwareUpdateNotificationManager'} 
{'pid': 729, 'username': 'root', 'name': 'triald_system'} 
{'pid': 730, 'username': 'geetahade', 'name': 'weatherd'} 
{'pid': 731, 'username': 'geetahade', 'name': 'SetStoreUpdateService'} 
{'pid': 732, 'username': 'geetahade', 'name': 'com.apple.audio.ComponentTagHelper'} 
{'pid': 733, 'username': 'root', 'name': 'CrashReporterSup'} 
{'pid': 734, 'username': 'geetahade', 'name': 'WardaSynthesizer_arm64'} 
{'pid': 735, 'username': 'geetahade', 'name': 'KonaSynthesizer'} 
{'pid': 736, 'username': 'geetahade', 'name': 'installerauthagent'} 
{'pid': 737, 'username': 'geetahade', 'name': 'SiriAUSP'} 
{'pid': 738, 'username': 'geetahade', 'name': 'com.apple.audio.SandboxHelper'} 
{'pid': 739, 'username': '_softwareupdate', 'name': 'NRDUpdated'} 
{'pid': 740, 'username': 'geetahade', 'name': 'MauiAUSP'} 
{'pid': 741, 'username': 'geetahade', 'name': 'com.apple.audio.SandboxHelper'} 
{'pid': 742, 'username': 'geetahade', 'name': 'com.apple.audio.SandboxHelper'} 
{'pid': 743, 'username': 'geetahade', 'name': 'MacinTalkAUSP'} 
{'pid': 744, 'username': 'geetahade', 'name': 'WardaSynthesizer_x86_64'} 
{'pid': 745, 'username': 'geetahade', 'name': 'com.apple.audio.SandboxHelper'} 
{'pid': 746, 'username': 'geetahade', 'name': 'voicebankingd'} 
{'pid': 747, 'username': 'root', 'name': 'com.apple.NRD.Up'} 
{'pid': 748, 'username': 'geetahade', 'name': 'com.apple.audio.SandboxHelper'} 
{'pid': 749, 'username': 'geetahade', 'name': 'com.apple.SiriTTSService.TrialProxy'} 
{'pid': 750, 'username': 'geetahade', 'name': 'com.apple.SiriTTSService.TrialProxy'} 
{'pid': 751, 'username': 'geetahade', 'name': 'assistant_service'} 
{'pid': 752, 'username': 'geetahade', 'name': 'com.apple.audio.SandboxHelper'} 
{'pid': 753, 'username': 'geetahade', 'name': 'com.apple.SiriTTSService.TrialProxy'} 
{'pid': 754, 'username': '_softwareupdate', 'name': 'nsattributedstri'} 
{'pid': 755, 'username': '_softwareupdate', 'name': 'com.apple.hiserv'} 
{'pid': 756, 'username': '_softwareupdate', 'name': 'cfprefsd'} 
{'pid': 758, 'username': '_softwareupdate', 'name': 'com.apple.access'} 
{'pid': 760, 'username': 'geetahade', 'name': 'nsattributedstringagent'} 
{'pid': 762, 'username': 'geetahade', 'name': 'com.apple.accessibility.mediaaccessibilityd'} 
{'pid': 766, 'username': '_driverkit', 'name': 'IOUserBluetoothS'} 
{'pid': 767, 'username': '_driverkit', 'name': 'IOUserBluetoothS'} 
{'pid': 768, 'username': '_driverkit', 'name': 'IOUserBluetoothS'} 
{'pid': 779, 'username': 'root', 'name': 'AssetCacheTether'} 
{'pid': 780, 'username': 'geetahade', 'name': 'linkd'} 
{'pid': 781, 'username': 'geetahade', 'name': 'extensionkitservice'} 
{'pid': 782, 'username': 'geetahade', 'name': 'MailShortcutsExtension'} 
{'pid': 783, 'username': 'geetahade', 'name': 'SafariLinkExtension'} 
{'pid': 784, 'username': 'geetahade', 'name': 'CalendarFocusConfigurationExtension'} 
{'pid': 785, 'username': 'geetahade', 'name': 'MessagesActionExtension'} 
{'pid': 786, 'username': 'geetahade', 'name': 'QuickLookSatellite'} 
{'pid': 787, 'username': 'root', 'name': 'com.apple.audio.'} 
{'pid': 788, 'username': 'geetahade', 'name': 'com.apple.audio.SandboxHelper'} 
{'pid': 789, 'username': '_audiomxd', 'name': 'audiomxd'} 
{'pid': 792, 'username': 'geetahade', 'name': 'XprotectService'} 
{'pid': 794, 'username': 'geetahade', 'name': 'storekitagent'} 
{'pid': 796, 'username': 'geetahade', 'name': 'AppleSpell'} 
{'pid': 797, 'username': 'geetahade', 'name': 'colorsync.useragent'} 
{'pid': 798, 'username': 'geetahade', 'name': 'keyboardservicesd'} 
{'pid': 799, 'username': 'geetahade', 'name': 'com.apple.ColorSyncXPCAgent'} 
{'pid': 813, 'username': 'geetahade', 'name': 'naturallanguaged'} 
{'pid': 824, 'username': 'geetahade', 'name': 'mdworker'} 
{'pid': 829, 'username': '_rmd', 'name': 'remotemanagement'} 
{'pid': 831, 'username': 'root', 'name': 'online-auth-agen'} 
{'pid': 833, 'username': 'geetahade', 'name': 'devicecheckd'} 
{'pid': 836, 'username': '_rmd', 'name': 'distnoted'} 
{'pid': 837, 'username': '_rmd', 'name': 'SecuritySubscrib'} 
{'pid': 839, 'username': '_rmd', 'name': 'InteractiveLegac'} 
{'pid': 846, 'username': '_rmd', 'name': 'ScreenSharingSub'} 
{'pid': 847, 'username': 'geetahade', 'name': 'storeaccountd'} 
{'pid': 854, 'username': '_rmd', 'name': 'LegacyProfilesSu'} 
{'pid': 857, 'username': '_rmd', 'name': 'PasscodeSettings'} 
{'pid': 858, 'username': '_rmd', 'name': 'AccountSubscribe'} 
{'pid': 859, 'username': '_rmd', 'name': 'SoftwareUpdateSu'} 
{'pid': 860, 'username': '_rmd', 'name': 'ManagementTestSu'} 
{'pid': 861, 'username': '_rmd', 'name': 'ManagedConfigura'} 
{'pid': 862, 'username': '_rmd', 'name': 'ASConfigurationS'} 
{'pid': 868, 'username': 'geetahade', 'name': 'SiriNCService'} 
{'pid': 873, 'username': 'geetahade', 'name': 'SafariBookmarksSyncAgent'} 
{'pid': 874, 'username': 'geetahade', 'name': 'dataaccessd'} 
{'pid': 875, 'username': 'geetahade', 'name': 'peopled'} 
{'pid': 876, 'username': 'geetahade', 'name': 'proactived'} 
{'pid': 880, 'username': 'root', 'name': 'tzd'} 
{'pid': 881, 'username': '_fpsd', 'name': 'fairplaydeviceid'} 
{'pid': 883, 'username': 'root', 'name': 'powerdatad'} 
{'pid': 916, 'username': 'geetahade', 'name': 'mlhostd'} 
{'pid': 917, 'username': 'root', 'name': 'liquiddetectiond'} 
{'pid': 918, 'username': 'root', 'name': 'ASPCarryLog'} 
{'pid': 964, 'username': 'geetahade', 'name': 'betaenrollmentd'} 
{'pid': 966, 'username': 'root', 'name': 'fbahelperd'} 
{'pid': 967, 'username': 'geetahade', 'name': 'VTEncoderXPCService'} 
{'pid': 968, 'username': 'geetahade', 'name': 'AuthenticationServicesAgent'} 
{'pid': 970, 'username': 'geetahade', 'name': 'PasswordBreachAgent'} 
{'pid': 972, 'username': 'geetahade', 'name': 'keychainsharingmessagingd'} 
{'pid': 973, 'username': 'geetahade', 'name': 'EscrowSecurityAlert'} 
{'pid': 1004, 'username': 'geetahade', 'name': 'MTLCompilerService'} 
{'pid': 1005, 'username': 'geetahade', 'name': 'ThemeWidgetControlViewService'} 
{'pid': 1010, 'username': 'geetahade', 'name': 'PlugInLibraryService'} 
{'pid': 1011, 'username': 'geetahade', 'name': 'Electron'} 
{'pid': 1012, 'username': 'geetahade', 'name': 'PlugInLibraryService'} 
{'pid': 1014, 'username': 'geetahade', 'name': 'chrome_crashpad_handler'} 
{'pid': 1015, 'username': 'geetahade', 'name': 'Code Helper (GPU)'} 
{'pid': 1016, 'username': 'geetahade', 'name': 'Code Helper'} 
{'pid': 1017, 'username': 'geetahade', 'name': 'MTLAssetUpgraderD'} 
{'pid': 1018, 'username': 'root', 'name': 'CVMServer'} 
{'pid': 1042, 'username': 'geetahade', 'name': 'Code Helper'} 
{'pid': 1056, 'username': 'geetahade', 'name': 'Code Helper'} 
{'pid': 1139, 'username': 'geetahade', 'name': 'com.apple.appkit.xpc.openAndSavePanelService'} 
{'pid': 1140, 'username': 'geetahade', 'name': 'QuickLookUIService'} 
{'pid': 1145, 'username': 'geetahade', 'name': 'homeenergyd'} 
{'pid': 1150, 'username': 'root', 'name': 'PerfPowerTelemet'} 
{'pid': 1276, 'username': 'geetahade', 'name': 'printtool'} 
{'pid': 1400, 'username': 'geetahade', 'name': 'CSExattrCryptoService'} 
{'pid': 1401, 'username': 'geetahade', 'name': 'CGPDFService'} 
{'pid': 1402, 'username': 'geetahade', 'name': 'MTLCompilerService'} 
{'pid': 1403, 'username': 'geetahade', 'name': 'MTLCompilerService'} 
{'pid': 1412, 'username': 'geetahade', 'name': 'ShareSheetUI'} 
{'pid': 1413, 'username': 'geetahade', 'name': 'CSExattrCryptoService'} 
{'pid': 1414, 'username': 'geetahade', 'name': 'com.apple.appkit.xpc.openAndSavePanelService'} 
{'pid': 1415, 'username': 'geetahade', 'name': 'QuickLookUIService'} 
{'pid': 1448, 'username': 'geetahade', 'name': 'CSExattrCryptoService'} 
{'pid': 1451, 'username': 'geetahade', 'name': 'com.apple.SafariServices'} 
{'pid': 1454, 'username': 'geetahade', 'name': 'com.apple.Safari.SafeBrowsing.Service'} 
{'pid': 1455, 'username': 'geetahade', 'name': 'webprivacyd'} 
{'pid': 1545, 'username': 'geetahade', 'name': 'Google Chrome Helper'} 
{'pid': 1546, 'username': 'geetahade', 'name': 'com.apple.audio.SandboxHelper'} 
{'pid': 1613, 'username': 'geetahade', 'name': 'coreautha'} 
{'pid': 1615, 'username': 'geetahade', 'name': 'ciphermld'} 
{'pid': 1616, 'username': 'root', 'name': 'XProtect'} 
{'pid': 1618, 'username': 'geetahade', 'name': 'metrickitd'} 
{'pid': 1619, 'username': 'geetahade', 'name': 'IMAutomaticHistoryDeletionAgent'} 
{'pid': 1623, 'username': 'geetahade', 'name': 'XProtect'} 
{'pid': 1626, 'username': 'geetahade', 'name': 'extensionkitservice'} 
{'pid': 1627, 'username': 'root', 'name': 'XprotectService'} 
{'pid': 1628, 'username': 'geetahade', 'name': 'com.apple.mlhost.TelemetryWorker'} 
{'pid': 1659, 'username': 'root', 'name': 'ospredictiond'} 
{'pid': 1682, 'username': 'root', 'name': 'AssetCacheManage'} 
{'pid': 1685, 'username': '_assetcache', 'name': 'AssetCache'} 
{'pid': 1686, 'username': '_assetcache', 'name': 'distnoted'} 
{'pid': 1697, 'username': 'root', 'name': 'com.apple.ifdrea'} 
{'pid': 1702, 'username': 'root', 'name': 'userfsd'} 
{'pid': 1703, 'username': 'root', 'name': 'UVFSService'} 
{'pid': 1704, 'username': 'root', 'name': 'userfs_helper'} 
{'pid': 1706, 'username': 'root', 'name': 'fskitd'} 
{'pid': 1721, 'username': 'geetahade', 'name': 'DockHelper'} 
{'pid': 1722, 'username': 'geetahade', 'name': 'QuickTime Player'} 
{'pid': 1723, 'username': 'geetahade', 'name': 'com.apple.audio.SandboxHelper'} 
{'pid': 1724, 'username': 'geetahade', 'name': 'com.apple.appkit.xpc.openAndSavePanelService'} 
{'pid': 1725, 'username': 'geetahade', 'name': 'QuickLookUIService'} 
{'pid': 1726, 'username': 'geetahade', 'name': 'ThemeWidgetControlViewService'} 
{'pid': 1758, 'username': 'geetahade', 'name': 'ThemeWidgetControlViewService'} 
{'pid': 1801, 'username': 'geetahade', 'name': 'PlugInLibraryService'} 
{'pid': 1802, 'username': 'geetahade', 'name': 'Code Helper (Renderer)'} 
{'pid': 1803, 'username': 'geetahade', 'name': 'Code Helper'} 
{'pid': 1804, 'username': 'geetahade', 'name': 'Code Helper (Plugin)'} 
{'pid': 1819, 'username': 'geetahade', 'name': 'UserNotificationCenter'} 
{'pid': 1823, 'username': 'geetahade', 'name': 'pet'} 
{'pid': 1827, 'username': 'geetahade', 'name': 'Code Helper (Plugin)'} 
{'pid': 1828, 'username': 'geetahade', 'name': 'zsh'} 
{'pid': 1875, 'username': 'geetahade', 'name': 'mediaanalysisd'} 
{'pid': 1876, 'username': 'geetahade', 'name': 'translationd'} 
{'pid': 1877, 'username': 'geetahade', 'name': 'ThemeWidgetControlViewService'} 
{'pid': 1878, 'username': 'geetahade', 'name': 'ThemeWidgetControlViewService'} 
{'pid': 1881, 'username': 'geetahade', 'name': 'OSDUIHelper'} 
{'pid': 1922, 'username': 'geetahade', 'name': 'login'} 
{'pid': 1923, 'username': 'geetahade', 'name': 'zsh'} 
{'pid': 1985, 'username': 'geetahade', 'name': 'PrintUITool'} 
{'pid': 1987, 'username': 'geetahade', 'name': 'ThemeWidgetControlViewService'} 
{'pid': 1995, 'username': 'geetahade', 'name': 'ThumbnailExtension_macOS'} 
{'pid': 1997, 'username': 'geetahade', 'name': 'Python'} 
{'pid': 1998, 'username': 'geetahade', 'name': 'Python'} 
{'pid': 2058, 'username': 'geetahade', 'name': 'ThemeWidgetControlViewService'} 
{'pid': 2076, 'username': 'geetahade', 'name': 'Python'} 
{'pid': 2095, 'username': 'geetahade', 'name': 'com.apple.iCloudHelper'} 
{'pid': 2106, 'username': 'geetahade', 'name': 'mdworker_shared'} 
{'pid': 2115, 'username': 'geetahade', 'name': 'mdworker_shared'} 
{'pid': 2116, 'username': 'geetahade', 'name': 'mdworker_shared'} 
{'pid': 2117, 'username': 'geetahade', 'name': 'mdworker_shared'} 
{'pid': 2121, 'username': 'geetahade', 'name': 'python3.12'} 
----------------------------------------------------------------------
